<?xml version="1.0" encoding="UTF-8"?>
<!-- Generated by org.testng.reporters.JUnitXMLReporter -->
<testsuite ignored="2" hostname="Manjula" failures="1" tests="1" name="Test" time="5.228" errors="0" timestamp="2024-07-08T15:52:20 IST">
  <testcase classname="com.crm.comcast.contactTest.CreateContactTest" name="createContactTest" time="0.024">
    <failure type="java.lang.Error" message="Unresolved compilation problems: 
	The method getDataFromExcel(String, int, int) in the type ExcelUtility is not applicable for the arguments (String, int)
	Syntax error on token &amp;quot;,&amp;quot;, delete this token
">
      <![CDATA[java.lang.Error: Unresolved compilation problems: 
The method getDataFromExcel(String, int, int) in the type ExcelUtility is not applicable for the arguments (String, int)
Syntax error on token ",", delete this token

at com.crm.comcast.contactTest.CreateContactTest.createContactTest(CreateContactTest.java:34)
at java.base/java.util.ArrayList.forEach(ArrayList.java:1511)
... Removed 27 stack frames]]>
    </failure>
  </testcase> <!-- createContactTest -->
  <testcase classname="com.crm.comcast.contactTest.CreateContactTest" name="createContactWithOrgTest" time="0.0">
    <ignored/>
  </testcase> <!-- createContactWithOrgTest -->
  <testcase classname="com.crm.comcast.contactTest.CreateContactTest" name="createContactWithDateTest" time="0.0">
    <ignored/>
  </testcase> <!-- createContactWithDateTest -->
</testsuite> <!-- Test -->
