<?xml version="1.0" encoding="UTF-8"?>
<!-- Generated by org.testng.reporters.JUnitXMLReporter -->
<testsuite ignored="2" hostname="Manjula" failures="0" tests="6" name="TestRunner-chrome" time="39.41" errors="0" timestamp="02 Jul 2024 05:34:59 GMT">
  <testcase classname="com.crm.comcast.orgTest.CreateOrganizationTest" name="createOrgTest" time="0.008"/>
  <testcase classname="com.crm.comcast.orgTest.CreateOrganizationTest" name="createOrgWithIndusTest" time="0.002"/>
  <testcase classname="com.crm.comcast.orgTest.CreateOrganizationTest" name="createOrgwithphoneTest" time="0.002"/>
  <testcase classname="com.crm.comcast.contactTest.CreateContactTest" name="createContactTest" time="5.9"/>
  <testcase classname="com.crm.comcast.contactTest.CreateContactTest" name="createContactWithDateTest" time="3.849"/>
  <testcase classname="com.crm.comcast.contactTest.CreateContactTest" name="createContactWithOrgTest" time="7.592"/>
  <testcase classname="com.comcast.crm.basetest.Baseclass" name="@AfterSuite configAS" time="0.0">
    <ignored/>
  </testcase> <!-- @AfterSuite configAS -->
  <testcase classname="com.comcast.crm.basetest.Baseclass" name="@BeforeSuite configBS" time="0.0">
    <ignored/>
  </testcase> <!-- @BeforeSuite configBS -->
</testsuite> <!-- TestRunner-chrome -->
