<?xml version="1.0" encoding="UTF-8"?>
<!-- Generated by org.testng.reporters.JUnitXMLReporter -->
<testsuite ignored="1" hostname="Manjula" failures="1" tests="1" name="Default test(failed)" time="6.13" errors="0" timestamp="2024-07-05T13:15:29 IST">
  <testcase classname="practicetest.InvoiceTest" name="createInvoiceTest" time="0.044">
    <failure type="java.lang.AssertionError" message="expected [login] but found [Administrator - Home - vtiger CRM 5 - Commercial Open Source CRM]">
      <![CDATA[java.lang.AssertionError: expected [login] but found [Administrator - Home - vtiger CRM 5 - Commercial Open Source CRM]
at practicetest.InvoiceTest.createInvoiceTest(InvoiceTest.java:19)
at java.base/java.util.ArrayList.forEach(ArrayList.java:1511)
... Removed 33 stack frames]]>
    </failure>
  </testcase> <!-- createInvoiceTest -->
  <testcase classname="practicetest.InvoiceTest" name="createInvoicewithContcatTest" time="0.0">
    <ignored/>
  </testcase> <!-- createInvoicewithContcatTest -->
</testsuite> <!-- Default test(failed) -->
